2026-04-16 15:37:47,243 | INFO | LH monthly pipeline started
2026-04-16 15:37:48,362 | INFO | Collected 8 menu links
2026-04-16 15:37:48,362 | INFO | Processing https://www.lh.or.kr/menu.es?mid=a10401020100
2026-04-16 15:37:49,440 | INFO | Saved output for a10401020100
2026-04-16 15:37:49,440 | INFO | Processing https://www.lh.or.kr/menu.es?mid=a10401020200
2026-04-16 15:37:50,512 | INFO | Saved output for a10401020200
2026-04-16 15:37:50,512 | INFO | Processing https://www.lh.or.kr/menu.es?mid=a10401020300
2026-04-16 15:37:51,642 | INFO | Saved output for a10401020300
2026-04-16 15:37:51,642 | INFO | Processing https://www.lh.or.kr/menu.es?mid=a10401020400
2026-04-16 15:37:52,743 | INFO | Saved output for a10401020400
2026-04-16 15:37:52,744 | INFO | Processing https://www.lh.or.kr/menu.es?mid=a10401020500
2026-04-16 15:37:53,848 | INFO | Saved output for a10401020500
2026-04-16 15:37:53,848 | INFO | Processing https://www.lh.or.kr/menu.es?mid=a10401020600
2026-04-16 15:37:54,956 | INFO | Saved output for a10401020600
2026-04-16 15:37:54,956 | INFO | Processing https://www.lh.or.kr/menu.es?mid=a10401020700
2026-04-16 15:37:56,082 | INFO | Saved output for a10401020700
2026-04-16 15:37:56,083 | INFO | Processing https://www.lh.or.kr/menu.es?mid=a10401020800
2026-04-16 15:37:57,259 | INFO | Saved output for a10401020800
2026-04-16 15:37:57,259 | INFO | LH monthly pipeline finished successfully
2026-04-16 16:10:42,210 | INFO | === LH pipeline started ===
2026-04-16 16:10:43,436 | INFO | Collected 8 menu links
2026-04-16 16:10:43,436 | INFO | Processing: https://www.lh.or.kr/menu.es?mid=a10401020100
2026-04-16 16:10:44,762 | INFO | Processing: https://www.lh.or.kr/menu.es?mid=a10401020200
2026-04-16 16:10:46,033 | INFO | Processing: https://www.lh.or.kr/menu.es?mid=a10401020300
2026-04-16 16:10:47,211 | INFO | Processing: https://www.lh.or.kr/menu.es?mid=a10401020400
2026-04-16 16:10:48,500 | INFO | Processing: https://www.lh.or.kr/menu.es?mid=a10401020500
2026-04-16 16:10:49,786 | INFO | Processing: https://www.lh.or.kr/menu.es?mid=a10401020600
2026-04-16 16:10:51,018 | INFO | Processing: https://www.lh.or.kr/menu.es?mid=a10401020700
2026-04-16 16:10:52,244 | INFO | Processing: https://www.lh.or.kr/menu.es?mid=a10401020800
2026-04-16 16:10:53,601 | INFO | Total items: 8
2026-04-16 16:10:53,602 | INFO | New items: 8
2026-04-16 16:10:53,602 | INFO | Updated items: 0
2026-04-16 16:10:53,602 | INFO | === LH pipeline finished ===
